2023-07-24 17:44:47,661 INFO Main [main] Начало скачек. Количество участников: 7
2023-07-24 17:44:48,490 INFO Main [main] Окончание скачек. Победитель: Пегас
2023-07-24 17:47:04,248 INFO Main [main] Начало скачек. Количество участников: 7
2023-07-24 17:47:05,071 INFO Main [main] Окончание скачек. Победитель: Лобстер
2023-07-24 17:47:15,237 INFO Main [main] Начало скачек. Количество участников: 7
2023-07-24 17:47:16,077 INFO Main [main] Окончание скачек. Победитель: Вишня
2023-07-24 18:00:06,947 INFO Main [main] Начало скачек. Количество участников: 7
2023-07-24 18:00:07,771 INFO Main [main] Окончание скачек. Победитель: Вишня
2023-07-24 18:01:07,980 INFO  Main: [main] Начало скачек. Количество участников: 7
2023-07-24 18:01:08,797 INFO  Main: [main] Окончание скачек. Победитель: Пегас
2023-07-24 19:11:01,924 INFO  Main: [main] Начало скачек. Количество участников: 7
2023-07-24 19:11:02,746 INFO  Main: [main] Окончание скачек. Победитель: Пожар
2023-07-24 19:11:26,282 DEBUG Hippodrome: [main] Создание Hippodrome, лошадей [7]
2023-07-24 19:11:26,285 INFO  Main: [main] Начало скачек. Количество участников: 7
2023-07-24 19:11:27,101 INFO  Main: [main] Окончание скачек. Победитель: Зефир
2023-07-24 19:11:46,977 INFO  Main: [main] Начало скачек. Количество участников: 7
2023-07-24 19:11:47,820 INFO  Main: [main] Окончание скачек. Победитель: Лобстер
2023-07-24 19:12:07,519 DEBUG Hippodrome: [main] Создание Hippodrome, лошадей [7]
2023-07-24 19:12:07,522 INFO  Main: [main] Начало скачек. Количество участников: 7
2023-07-24 19:12:08,341 INFO  Main: [main] Окончание скачек. Победитель: Лобстер
2023-07-24 19:15:14,535 DEBUG Horse: [main] Создание Horse, имя [Буцефал}], скорость [2.4]
2023-07-24 19:15:14,539 DEBUG Horse: [main] Создание Horse, имя [Туз Пик}], скорость [2.5]
2023-07-24 19:15:14,539 DEBUG Horse: [main] Создание Horse, имя [Зефир}], скорость [2.6]
2023-07-24 19:15:14,539 DEBUG Horse: [main] Создание Horse, имя [Пожар}], скорость [2.7]
2023-07-24 19:15:14,539 DEBUG Horse: [main] Создание Horse, имя [Лобстер}], скорость [2.8]
2023-07-24 19:15:14,539 DEBUG Horse: [main] Создание Horse, имя [Пегас}], скорость [2.9]
2023-07-24 19:15:14,539 DEBUG Horse: [main] Создание Horse, имя [Вишня}], скорость [3.0]
2023-07-24 19:15:14,540 DEBUG Hippodrome: [main] Создание Hippodrome, лошадей [7]
2023-07-24 19:15:14,540 INFO  Main: [main] Начало скачек. Количество участников: 7
2023-07-24 19:15:15,370 INFO  Main: [main] Окончание скачек. Победитель: Пегас
2023-07-24 19:16:05,126 DEBUG Horse: [main] Создание Horse, имя [Буцефал}], скорость [2.4]
2023-07-24 19:16:05,130 DEBUG Horse: [main] Создание Horse, имя [Туз Пик}], скорость [2.5]
2023-07-24 19:16:05,130 DEBUG Horse: [main] Создание Horse, имя [Зефир}], скорость [2.6]
2023-07-24 19:16:05,130 DEBUG Horse: [main] Создание Horse, имя [Пожар}], скорость [2.7]
2023-07-24 19:16:05,130 DEBUG Horse: [main] Создание Horse, имя [Лобстер}], скорость [2.8]
2023-07-24 19:16:05,130 DEBUG Horse: [main] Создание Horse, имя [Пегас}], скорость [2.9]
2023-07-24 19:16:05,131 ERROR Horse: [main] Speed is negative
2023-07-24 19:17:44,201 DEBUG: [main] Создание Horse, имя [Буцефал}], скорость [2.4]
2023-07-24 19:17:44,203 DEBUG: [main] Создание Horse, имя [Туз Пик}], скорость [2.5]
2023-07-24 19:17:44,204 DEBUG: [main] Создание Horse, имя [Зефир}], скорость [2.6]
2023-07-24 19:17:44,204 DEBUG: [main] Создание Horse, имя [Пожар}], скорость [2.7]
2023-07-24 19:17:44,204 DEBUG: [main] Создание Horse, имя [Лобстер}], скорость [2.8]
2023-07-24 19:17:44,204 DEBUG: [main] Создание Horse, имя [Пегас}], скорость [2.9]
2023-07-24 19:17:44,204 DEBUG: [main] Создание Horse, имя [Вишня}], скорость [3.0]
2023-07-24 19:17:44,205 DEBUG: [main] Создание Hippodrome, лошадей [7]
2023-07-24 19:17:44,205 INFO : [main] Начало скачек. Количество участников: 7
2023-07-24 19:17:45,035 INFO : [main] Окончание скачек. Победитель: Пожар
2023-07-24 19:20:24,055 DEBUG Horse: [main] 
2023-07-24 19:20:24,058 DEBUG Horse: [main] 
2023-07-24 19:20:24,059 DEBUG Horse: [main] 
2023-07-24 19:20:24,059 DEBUG Horse: [main] 
2023-07-24 19:20:24,059 DEBUG Horse: [main] 
2023-07-24 19:20:24,059 DEBUG Horse: [main] 
2023-07-24 19:20:24,060 DEBUG Horse: [main] 
2023-07-24 19:20:24,060 DEBUG Hippodrome: [main] 
2023-07-24 19:20:24,061 INFO  Main: [main] 
2023-07-24 19:20:24,889 INFO  Main: [main] 
2023-07-24 19:20:48,945 DEBUG Horse: [main] Создание Horse, имя [Буцефал}], скорость [2.4]2023-07-24 19:20:48,948 DEBUG Horse: [main] Создание Horse, имя [Туз Пик}], скорость [2.5]2023-07-24 19:20:48,948 DEBUG Horse: [main] Создание Horse, имя [Зефир}], скорость [2.6]2023-07-24 19:20:48,948 DEBUG Horse: [main] Создание Horse, имя [Пожар}], скорость [2.7]2023-07-24 19:20:48,949 DEBUG Horse: [main] Создание Horse, имя [Лобстер}], скорость [2.8]2023-07-24 19:20:48,949 DEBUG Horse: [main] Создание Horse, имя [Пегас}], скорость [2.9]2023-07-24 19:20:48,949 DEBUG Horse: [main] Создание Horse, имя [Вишня}], скорость [3.0]2023-07-24 19:20:48,950 DEBUG Hippodrome: [main] Создание Hippodrome, лошадей [7]2023-07-24 19:20:48,950 INFO  Main: [main] Начало скачек. Количество участников: 72023-07-24 19:20:49,795 INFO  Main: [main] Окончание скачек. Победитель: Лобстер2023-07-24 19:21:04,493 DEBUG Horse: [main] Создание Horse, имя [Буцефал}], скорость [2.4]
2023-07-24 19:21:04,496 DEBUG Horse: [main] Создание Horse, имя [Туз Пик}], скорость [2.5]
2023-07-24 19:21:04,497 DEBUG Horse: [main] Создание Horse, имя [Зефир}], скорость [2.6]
2023-07-24 19:21:04,497 DEBUG Horse: [main] Создание Horse, имя [Пожар}], скорость [2.7]
2023-07-24 19:21:04,497 DEBUG Horse: [main] Создание Horse, имя [Лобстер}], скорость [2.8]
2023-07-24 19:21:04,497 DEBUG Horse: [main] Создание Horse, имя [Пегас}], скорость [2.9]
2023-07-24 19:21:04,497 DEBUG Horse: [main] Создание Horse, имя [Вишня}], скорость [3.0]
2023-07-24 19:21:04,498 DEBUG Hippodrome: [main] Создание Hippodrome, лошадей [7]
2023-07-24 19:21:04,498 INFO  Main: [main] Начало скачек. Количество участников: 7
2023-07-24 19:21:05,322 INFO  Main: [main] Окончание скачек. Победитель: Пожар
2023-07-24 19:21:39,748 DEBUG Horse: Создание Horse, имя [Буцефал}], скорость [2.4]
2023-07-24 19:21:39,751 DEBUG Horse: Создание Horse, имя [Туз Пик}], скорость [2.5]
2023-07-24 19:21:39,752 DEBUG Horse: Создание Horse, имя [Зефир}], скорость [2.6]
2023-07-24 19:21:39,752 DEBUG Horse: Создание Horse, имя [Пожар}], скорость [2.7]
2023-07-24 19:21:39,752 DEBUG Horse: Создание Horse, имя [Лобстер}], скорость [2.8]
2023-07-24 19:21:39,752 DEBUG Horse: Создание Horse, имя [Пегас}], скорость [2.9]
2023-07-24 19:21:39,752 DEBUG Horse: Создание Horse, имя [Вишня}], скорость [3.0]
2023-07-24 19:21:39,753 DEBUG Hippodrome: Создание Hippodrome, лошадей [7]
2023-07-24 19:21:39,754 INFO  Main: Начало скачек. Количество участников: 7
2023-07-24 19:21:40,570 INFO  Main: Окончание скачек. Победитель: Лобстер
2023-07-24 19:23:31,105 DEBUG Horse: Создание Horse, имя [Буцефал}], скорость [2.4]
2023-07-24 19:23:31,108 DEBUG Horse: Создание Horse, имя [Туз Пик}], скорость [2.5]
2023-07-24 19:23:31,108 DEBUG Horse: Создание Horse, имя [Зефир}], скорость [2.6]
2023-07-24 19:23:31,109 DEBUG Horse: Создание Horse, имя [Пожар}], скорость [2.7]
2023-07-24 19:23:31,109 DEBUG Horse: Создание Horse, имя [Лобстер}], скорость [2.8]
2023-07-24 19:23:31,109 DEBUG Horse: Создание Horse, имя [Пегас}], скорость [2.9]
2023-07-24 19:23:31,109 DEBUG Horse: Создание Horse, имя [Вишня}], скорость [3.0]
2023-07-24 19:23:31,110 DEBUG Hippodrome: Создание Hippodrome, лошадей [7]
2023-07-24 19:23:31,110 INFO  Main: Начало скачек. Количество участников: 7
2023-07-24 19:23:31,964 INFO  Main: Окончание скачек. Победитель: Пожар
2023-07-24 19:23:58,246 DEBUG Horse: Создание Horse, имя [Буцефал}], скорость [2.4]
2023-07-24 19:23:58,249 DEBUG Horse: Создание Horse, имя [Туз Пик}], скорость [2.5]
2023-07-24 19:23:58,249 DEBUG Horse: Создание Horse, имя [Зефир}], скорость [2.6]
2023-07-24 19:23:58,249 DEBUG Horse: Создание Horse, имя [Пожар}], скорость [2.7]
2023-07-24 19:23:58,249 DEBUG Horse: Создание Horse, имя [Лобстер}], скорость [2.8]
2023-07-24 19:23:58,250 DEBUG Horse: Создание Horse, имя [Пегас}], скорость [2.9]
2023-07-24 19:23:58,250 DEBUG Horse: Создание Horse, имя [Вишня}], скорость [3.0]
2023-07-24 19:23:58,251 DEBUG Hippodrome: Создание Hippodrome, лошадей [7]
2023-07-24 19:23:58,252 INFO  Main: Начало скачек. Количество участников: 7
2023-07-24 19:23:59,080 INFO  Main: Окончание скачек. Победитель: Лобстер
2023-07-24 19:26:19,368 DEBUG Horse: Создание Horse, имя [Буцефал}], скорость [2.4]
2023-07-24 19:26:19,371 DEBUG Horse: Создание Horse, имя [Туз Пик}], скорость [2.5]
2023-07-24 19:26:19,371 DEBUG Horse: Создание Horse, имя [Зефир}], скорость [2.6]
2023-07-24 19:26:19,371 DEBUG Horse: Создание Horse, имя [Пожар}], скорость [2.7]
2023-07-24 19:26:19,371 DEBUG Horse: Создание Horse, имя [Лобстер}], скорость [2.8]
2023-07-24 19:26:19,373 DEBUG Horse: Создание Horse, имя [Пегас}], скорость [2.9]
2023-07-24 19:26:19,373 DEBUG Horse: Создание Horse, имя [Вишня}], скорость [3.0]
2023-07-24 19:26:19,374 DEBUG Hippodrome: Создание Hippodrome, лошадей [7]
2023-07-24 19:26:19,375 INFO  Main: Начало скачек. Количество участников: 7
2023-07-24 19:26:20,214 INFO  Main: Окончание скачек. Победитель: Вишня
2023-07-24 19:27:16,142 DEBUG Horse: Создание Horse, имя [Буцефал}], скорость [2.4]
2023-07-24 19:27:16,145 DEBUG Horse: Создание Horse, имя [Туз Пик}], скорость [2.5]
2023-07-24 19:27:16,146 DEBUG Horse: Создание Horse, имя [Зефир}], скорость [2.6]
2023-07-24 19:27:16,146 DEBUG Horse: Создание Horse, имя [Пожар}], скорость [2.7]
2023-07-24 19:27:16,146 DEBUG Horse: Создание Horse, имя [Лобстер}], скорость [2.8]
2023-07-24 19:27:16,146 DEBUG Horse: Создание Horse, имя [Пегас}], скорость [2.9]
2023-07-24 19:27:16,148 ERROR Horse: Speed is negative
2023-07-24 19:30:14,139 DEBUG Horse: disableAnsi=true {Создание Horse, имя [Буцефал}], скорость [2.4]}{bold,green}
2023-07-24 19:30:14,143 DEBUG Horse: disableAnsi=true {Создание Horse, имя [Туз Пик}], скорость [2.5]}{bold,green}
2023-07-24 19:30:14,143 DEBUG Horse: disableAnsi=true {Создание Horse, имя [Зефир}], скорость [2.6]}{bold,green}
2023-07-24 19:30:14,143 DEBUG Horse: disableAnsi=true {Создание Horse, имя [Пожар}], скорость [2.7]}{bold,green}
2023-07-24 19:30:14,143 DEBUG Horse: disableAnsi=true {Создание Horse, имя [Лобстер}], скорость [2.8]}{bold,green}
2023-07-24 19:30:14,143 DEBUG Horse: disableAnsi=true {Создание Horse, имя [Пегас}], скорость [2.9]}{bold,green}
2023-07-24 19:30:14,144 DEBUG Horse: disableAnsi=true {Создание Horse, имя [Вишня}], скорость [3.0]}{bold,green}
2023-07-24 19:30:14,145 DEBUG Hippodrome: disableAnsi=true {Создание Hippodrome, лошадей [7]}{bold,green}
2023-07-24 19:30:14,145 INFO  Main: disableAnsi=true {Начало скачек. Количество участников: 7}{bold,green}
2023-07-24 19:30:14,967 INFO  Main: disableAnsi=true {Окончание скачек. Победитель: Пегас}{bold,green}
2023-07-24 19:43:51,011 DEBUG Horse: Создание Horse, имя [Буцефал}], скорость [2.4]
2023-07-24 19:43:51,014 DEBUG Horse: Создание Horse, имя [Туз Пик}], скорость [2.5]
2023-07-24 19:43:51,014 DEBUG Horse: Создание Horse, имя [Зефир}], скорость [2.6]
2023-07-24 19:43:51,014 DEBUG Horse: Создание Horse, имя [Пожар}], скорость [2.7]
2023-07-24 19:43:51,015 DEBUG Horse: Создание Horse, имя [Лобстер}], скорость [2.8]
2023-07-24 19:43:51,015 DEBUG Horse: Создание Horse, имя [Пегас}], скорость [2.9]
2023-07-24 19:43:51,015 DEBUG Horse: Создание Horse, имя [Вишня}], скорость [3.0]
2023-07-24 19:43:51,016 DEBUG Hippodrome: Создание Hippodrome, лошадей [7]
2023-07-24 19:43:51,016 INFO  Main: Начало скачек. Количество участников: 7
2023-07-24 19:43:51,836 INFO  Main: Окончание скачек. Победитель: Лобстер
